0 info it worked if it ends with ok
1 verbose cli [ 'node', '/usr/local/bin/npm', 'install', 'underscore' ]
2 info using npm@1.4.28
3 info using node@v0.10.33
4 verbose config Skipping project config: /Users/sszhu/.npmrc. (matches userconfig)
5 verbose cache add [ 'underscore', null ]
6 verbose cache add name=undefined spec="underscore" args=["underscore",null]
7 verbose parsed url { protocol: null,
7 verbose parsed url   slashes: null,
7 verbose parsed url   auth: null,
7 verbose parsed url   host: null,
7 verbose parsed url   port: null,
7 verbose parsed url   hostname: null,
7 verbose parsed url   hash: null,
7 verbose parsed url   search: null,
7 verbose parsed url   query: null,
7 verbose parsed url   pathname: 'underscore',
7 verbose parsed url   path: 'underscore',
7 verbose parsed url   href: 'underscore' }
8 silly lockFile 64bc6893-underscore underscore
9 verbose lock underscore /Users/sszhu/.npm/64bc6893-underscore.lock
10 silly lockFile 64bc6893-underscore underscore
11 silly lockFile 64bc6893-underscore underscore
12 verbose addNamed [ 'underscore', '' ]
13 verbose addNamed [ null, '*' ]
14 silly lockFile 7629b758-underscore underscore@
15 verbose lock underscore@ /Users/sszhu/.npm/7629b758-underscore.lock
16 silly addNameRange { name: 'underscore', range: '*', hasData: false }
17 verbose request where is /underscore
18 verbose request registry https://registry.npmjs.org/
19 verbose request id 0718864697908e7b
20 verbose url raw /underscore
21 verbose url resolving [ 'https://registry.npmjs.org/', './underscore' ]
22 verbose url resolved https://registry.npmjs.org/underscore
23 verbose request where is https://registry.npmjs.org/underscore
24 info trying registry request attempt 1 at 10:58:08
25 verbose etag "689DWU1JPI8WJSBUARS742LF"
26 http GET https://registry.npmjs.org/underscore
27 http 200 https://registry.npmjs.org/underscore
28 silly registry.get cb [ 200,
28 silly registry.get   { server: 'CouchDB/1.5.0 (Erlang OTP/R16B03)',
28 silly registry.get     etag: '"8EZATH1ENKRBXI2Y7UR9S2LDT"',
28 silly registry.get     'content-type': 'application/json',
28 silly registry.get     'cache-control': 'max-age=60',
28 silly registry.get     'content-length': '41383',
28 silly registry.get     'accept-ranges': 'bytes',
28 silly registry.get     date: 'Mon, 28 Sep 2015 02:58:08 GMT',
28 silly registry.get     via: '1.1 varnish',
28 silly registry.get     age: '16',
28 silly registry.get     connection: 'keep-alive',
28 silly registry.get     'x-served-by': 'cache-nrt6134-NRT',
28 silly registry.get     'x-cache': 'HIT',
28 silly registry.get     'x-cache-hits': '1',
28 silly registry.get     'x-timer': 'S1443409088.586643,VS0,VE1',
28 silly registry.get     vary: 'Accept' } ]
29 silly addNameRange number 2 { name: 'underscore', range: '*', hasData: true }
30 silly addNameRange versions [ 'underscore',
30 silly addNameRange   [ '1.0.3',
30 silly addNameRange     '1.0.4',
30 silly addNameRange     '1.1.0',
30 silly addNameRange     '1.1.1',
30 silly addNameRange     '1.1.2',
30 silly addNameRange     '1.1.3',
30 silly addNameRange     '1.1.4',
30 silly addNameRange     '1.1.5',
30 silly addNameRange     '1.1.6',
30 silly addNameRange     '1.1.7',
30 silly addNameRange     '1.2.0',
30 silly addNameRange     '1.2.1',
30 silly addNameRange     '1.2.2',
30 silly addNameRange     '1.2.3',
30 silly addNameRange     '1.2.4',
30 silly addNameRange     '1.3.0',
30 silly addNameRange     '1.3.1',
30 silly addNameRange     '1.3.2',
30 silly addNameRange     '1.3.3',
30 silly addNameRange     '1.4.0',
30 silly addNameRange     '1.4.1',
30 silly addNameRange     '1.4.2',
30 silly addNameRange     '1.4.3',
30 silly addNameRange     '1.4.4',
30 silly addNameRange     '1.5.0',
30 silly addNameRange     '1.5.1',
30 silly addNameRange     '1.5.2',
30 silly addNameRange     '1.6.0',
30 silly addNameRange     '1.7.0',
30 silly addNameRange     '1.8.0',
30 silly addNameRange     '1.8.1',
30 silly addNameRange     '1.8.2',
30 silly addNameRange     '1.8.3' ] ]
31 verbose addNamed [ 'underscore', '1.8.3' ]
32 verbose addNamed [ '1.8.3', '1.8.3' ]
33 silly lockFile e5e32fca-underscore-1-8-3 underscore@1.8.3
34 verbose lock underscore@1.8.3 /Users/sszhu/.npm/e5e32fca-underscore-1-8-3.lock
35 silly lockFile d5ea30aa--underscore-underscore-1-8-3-tgz https://registry.npmjs.org/underscore/-/underscore-1.8.3.tgz
36 verbose lock https://registry.npmjs.org/underscore/-/underscore-1.8.3.tgz /Users/sszhu/.npm/d5ea30aa--underscore-underscore-1-8-3-tgz.lock
37 verbose addRemoteTarball [ 'https://registry.npmjs.org/underscore/-/underscore-1.8.3.tgz',
37 verbose addRemoteTarball   '4f3fb53b106e6097fcf9cb4109f2a5e9bdfa5022' ]
38 info retry fetch attempt 1 at 10:58:09
39 verbose fetch to= /var/folders/4j/cb4zdvgs69d5kb68h11g6n4r0000gn/T/npm-480-1Y04tXFo/registry.npmjs.org/underscore/-/underscore-1.8.3.tgz
40 http GET https://registry.npmjs.org/underscore/-/underscore-1.8.3.tgz
41 http 200 https://registry.npmjs.org/underscore/-/underscore-1.8.3.tgz
42 silly lockFile d5ea30aa--underscore-underscore-1-8-3-tgz https://registry.npmjs.org/underscore/-/underscore-1.8.3.tgz
43 silly lockFile d5ea30aa--underscore-underscore-1-8-3-tgz https://registry.npmjs.org/underscore/-/underscore-1.8.3.tgz
44 silly lockFile e5e32fca-underscore-1-8-3 underscore@1.8.3
45 silly lockFile e5e32fca-underscore-1-8-3 underscore@1.8.3
46 silly lockFile 7629b758-underscore underscore@
47 silly lockFile 7629b758-underscore underscore@
48 error Error: EACCES, mkdir '/Users/sszhu/.npm/underscore/1.8.3'
48 error  { [Error: EACCES, mkdir '/Users/sszhu/.npm/underscore/1.8.3']
48 error   errno: 3,
48 error   code: 'EACCES',
48 error   path: '/Users/sszhu/.npm/underscore/1.8.3' }
49 error Please try running this command again as root/Administrator.
50 error System Darwin 14.0.0
51 error command "node" "/usr/local/bin/npm" "install" "underscore"
52 error cwd /Users/sszhu/Sites/practice
53 error node -v v0.10.33
54 error npm -v 1.4.28
55 error path /Users/sszhu/.npm/underscore/1.8.3
56 error code EACCES
57 error errno 3
58 error stack Error: EACCES, mkdir '/Users/sszhu/.npm/underscore/1.8.3'
59 verbose exit [ 3, true ]
